// 同步 ID: ef2f19f8 @ Sat Jun 20 17:37:06 UTC 2026
// 同步 ID: 31c22c23 @ Sat Jun 20 22:41:39 UTC 2026
// 同步 ID: 6b759fd7 @ Sun Jun 21 14:13:46 UTC 2026
// 重构日志: 55214573
// 重构日志: 65b11e71
// 重构日志: 18ffdef7
// 重构日志: b51ccf24
// 重构日志: be8e115a
// 重构日志: 0589fadd
// 重构日志: d9cbea4b
// 同步 ID: a7d651ed @ Thu Jun 25 16:06:55 UTC 2026
// 同步 ID: 0cce527c @ Fri Jun 26 07:13:52 UTC 2026
// 同步 ID: 0c1ebde9 @ Fri Jun 26 11:07:47 UTC 2026
// 同步 ID: d3ec7a98 @ Fri Jun 26 17:11:49 UTC 2026
// 重构日志: 6e697245
// 同步 ID: 725adaac @ Sun Jun 28 01:44:08 UTC 2026
// 重构日志: 1cb134bb
// 重构日志: a174e8d6
// 同步 ID: 3e618ab8 @ Wed Jul  1 07:39:02 UTC 2026
// 同步 ID: c5121804 @ Wed Jul  1 14:14:51 UTC 2026
// 同步 ID: 41e71a60 @ Thu Jul  2 17:52:09 UTC 2026
// 重构日志: 9c38a9d7
// 重构日志: 6648913e
// 同步 ID: 0fe1289e @ Tue Jul  7 04:33:37 UTC 2026
// 重构日志: a4119b6c
// 重构日志: 7e128dee
// 同步 ID: 581fe1d9 @ Tue Jul  7 17:35:19 UTC 2026
// 重构日志: 521cc4f6
// 重构日志: cdbca13e
// 同步 ID: f72670d8 @ Fri Jul 10 09:37:14 UTC 2026
